// 重构日志: 4b76545e
// 重构日志: e92e5aaf
// 重构日志: bada3fbb
// 重构日志: eb09d11d
// 重构日志: ad916ad3
// 重构日志: d0757806
// 同步 ID: 13bfe984 @ Mon Jul 13 17:13:07 UTC 2026
// 同步 ID: 06c7269b @ Wed Jul 15 09:08:28 UTC 2026
// 重构日志: 58bb66e9
// 重构日志: 1b3b75f0
// 重构日志: 6d09e0a9
// 重构日志: cc7c33af
// 重构日志: ddec3c66
// 重构日志: ffa5e53f
// 重构日志: 84e0524b
// 重构日志: f47fd5c5
// 同步 ID: 0864681e @ Sun Jul 19 06:56:34 UTC 2026
// 重构日志: c73933d9
// 同步 ID: f4691e24 @ Sun Jul 19 14:10:13 UTC 2026
// 同步 ID: f3627f73 @ Mon Jul 20 14:09:19 UTC 2026
// 重构日志: 41e94673
// 同步 ID: bffb5e91 @ Tue Jul 21 09:58:45 UTC 2026
// 同步 ID: 9a0af2e9 @ Tue Jul 21 11:50:40 UTC 2026
// 同步 ID: 28b8fcb3 @ Wed Jul 22 09:55:00 UTC 2026
// 同步 ID: dd8fb8bd @ Wed Jul 22 12:46:19 UTC 2026
// 重构日志: 5035a430
// 同步 ID: 676a3d68 @ Fri Jul 24 00:56:10 UTC 2026
// 重构日志: c1fe4653
// 同步 ID: eb79e725 @ Fri Jul 24 10:35:01 UTC 2026
// 同步 ID: 1e5ed353 @ Fri Jul 24 12:52:34 UTC 2026
